{"name": "Проверка открытия страницы", "status": "failed", "statusDetails": {"message": "AssertionError: assert 'Data Types' in 'Hands-On Selenium WebDriver with Java'\n +  where 'Hands-On Selenium WebDriver with Java' = <selenium.webdriver.chrome.webdriver.WebDriver (session=\"b6c91af415b2ef9614239a1c5b4b5747\")>.title", "trace": "self = <FormPage.test_form.TestBasicFunctionality object at 0x00000289D1C68190>\n\n    @allure.title(\"Проверка открытия страницы\")\n    @allure.severity(allure.severity_level.MINOR)\n    def test_page_opens(self):\n        \"\"\"Проверка что страница открывается\"\"\"\n        driver = webdriver.Chrome()\n        try:\n            with allure.step(\"Открытие страницы формы\"):\n                form_page = FormPage(driver)\n    \n            with allure.step(\"Проверка заголовка страницы\"):\n>               assert \"Data Types\" in driver.title\nE               assert 'Data Types' in 'Hands-On Selenium WebDriver with Java'\nE                +  where 'Hands-On Selenium WebDriver with Java' = <selenium.webdriver.chrome.webdriver.WebDriver (session=\"b6c91af415b2ef9614239a1c5b4b5747\")>.title\n\ntest_form.py:120: AssertionError"}, "description": "Проверка что страница открывается", "steps": [{"name": "Открытие страницы формы", "status": "passed", "start": 1762250126115, "stop": 1762250126863}, {"name": "Проверка заголовка страницы", "status": "failed", "statusDetails": {"message": "AssertionError: assert 'Data Types' in 'Hands-On Selenium WebDriver with Java'\n +  where 'Hands-On Selenium WebDriver with Java' = <selenium.webdriver.chrome.webdriver.WebDriver (session=\"b6c91af415b2ef9614239a1c5b4b5747\")>.title\n", "trace": "  File \"C:\\Users\\Asus\\Desktop\\Projects\\drafts\\PYTHON\\10_lesson\\FormPage\\test_form.py\", line 120, in test_page_opens\n    assert \"Data Types\" in driver.title\n"}, "start": 1762250126863, "stop": 1762250126874}], "start": 1762250123878, "stop": 1762250129052, "uuid": "c84a13f7-b70a-4cde-8b97-31d92becca2e", "historyId": "64ea32f81e43a9d2d5d5c138bdef0967", "testCaseId": "64ea32f81e43a9d2d5d5c138bdef0967", "fullName": "test_form.TestBasicFunctionality#test_page_opens", "labels": [{"name": "severity", "value": "minor"}, {"name": "feature", "value": "Базовые проверки"}, {"name": "suite", "value": "test_form"}, {"name": "subSuite", "value": "TestBasicFunctionality"}, {"name": "host", "value": "DESKTOP-2NKQR8D"}, {"name": "thread", "value": "7844-MainThread"}, {"name": "framework", "value": "pytest"}, {"name": "language", "value": "cpython3"}, {"name": "package", "value": "test_form"}], "titlePath": ["test_form.py", "TestBasicFunctionality"]}