{"name": "Полный цикл покупки в SauceDemo", "status": "failed", "statusDetails": {"message": "AssertionError: Ожидалось 3 товара, но получено 2\nassert 2 == 3", "trace": "self = <test_03_shoppage_obj.TestSauceDemo object at 0x000001F80AE4B610>\n\n    @allure.title(\"Полный цикл покупки в SauceDemo\")\n    @allure.description(\"\"\"\n    Этот тест проверяет полный цикл покупки в интернет-магазине SauceDemo:\n    1. Авторизация под стандартным пользователем\n    2. Добавление трех товаров в корзину\n    3. Переход в корзину и оформление заказа\n    4. Заполнение информации для доставки\n    5. Проверка итоговой суммы заказа\n    \"\"\")\n    def test_complete_purchase_flow(self):\n        \"\"\"Тест полного цикла покупки в магазине SauceDemo\"\"\"\n        driver = webdriver.Chrome()\n    \n        try:\n            with allure.step(\"Авторизация под стандартным пользователем\"):\n                login_page = LoginPage(driver)\n                inventory_page = login_page.login_as_standard_user()\n                allure.attach(driver.get_screenshot_as_png(), name=\"after_login\",\n                            attachment_type=allure.attachment_type.PNG)\n    \n            with allure.step(\"Добавление товаров в корзину\"):\n                inventory_page.add_product_to_cart(\"Sauce Labs Backpack\")\n                inventory_page.add_product_to_cart(\"Sauce Labs Bolt T-Shirt\")\n                inventory_page.add_product_to_cart(\"Sauce Labs Onesie\")\n    \n                with allure.step(\"Проверка количества товаров в корзине\"):\n                    cart_count = inventory_page.get_cart_items_count()\n>                   assert cart_count == 3, f\"Ожидалось 3 товара, но получено {cart_count}\"\nE                   AssertionError: Ожидалось 3 товара, но получено 2\nE                   assert 2 == 3\n\ntest_03_shoppage_obj.py:36: AssertionError"}, "description": "\n    Этот тест проверяет полный цикл покупки в интернет-магазине SauceDemo:\n    1. Авторизация под стандартным пользователем\n    2. Добавление трех товаров в корзину\n    3. Переход в корзину и оформление заказа\n    4. Заполнение информации для доставки\n    5. Проверка итоговой суммы заказа\n    ", "steps": [{"name": "Авторизация под стандартным пользователем", "status": "passed", "steps": [{"name": "Авторизоваться как стандартный пользователь", "status": "passed", "steps": [{"name": "Ввести имя пользователя: ''standard_user''", "status": "passed", "steps": [{"name": "Найти элемент с локатором 'id' = ''user-name''", "status": "passed", "parameters": [{"name": "by", "value": "'id'"}, {"name": "value", "value": "'user-name'"}], "start": 1762253191632, "stop": 1762253191643}], "parameters": [{"name": "username", "value": "'standard_user'"}], "start": 1762253191632, "stop": 1762253191725}, {"name": "Ввести пароль", "status": "passed", "steps": [{"name": "Найти элемент с локатором 'id' = ''password''", "status": "passed", "parameters": [{"name": "by", "value": "'id'"}, {"name": "value", "value": "'password'"}], "start": 1762253191725, "stop": 1762253191732}], "parameters": [{"name": "password", "value": "'secret_sauce'"}], "start": 1762253191725, "stop": 1762253191788}, {"name": "Нажать кнопку входа", "status": "passed", "steps": [{"name": "Найти кликабельный элемент с локатором 'id' = ''login-button''", "status": "passed", "parameters": [{"name": "by", "value": "'id'"}, {"name": "value", "value": "'login-button'"}], "start": 1762253191789, "stop": 1762253191811}, {"name": "Найти элемент с локатором 'class name' = ''title''", "status": "passed", "parameters": [{"name": "by", "value": "'class name'"}, {"name": "value", "value": "'title'"}], "start": 1762253191898, "stop": 1762253191911}], "start": 1762253191789, "stop": 1762253191911}], "start": 1762253191632, "stop": 1762253191911}], "attachments": [{"name": "after_login", "source": "6890feb4-df89-4f62-938b-0bd69e219405-attachment.png", "type": "image/png"}], "start": 1762253190459, "stop": 1762253192067}, {"name": "Добавление товаров в корзину", "status": "failed", "statusDetails": {"message": "AssertionError: Ожидалось 3 товара, но получено 2\nassert 2 == 3\n", "trace": "  File \"C:\\Users\\Asus\\Desktop\\Projects\\drafts\\PYTHON\\10_lesson\\ShopPage\\test_03_shoppage_obj.py\", line 36, in test_complete_purchase_flow\n    assert cart_count == 3, f\"Ожидалось 3 товара, но получено {cart_count}\"\n"}, "steps": [{"name": "Добавить товар ''Sauce Labs Backpack'' в корзину", "status": "passed", "steps": [{"name": "Найти кликабельный элемент с локатором 'xpath' = ''//div[text()='Sauce Labs Backpack']/ancestor::div[@class='inventory_item']//button''", "status": "passed", "parameters": [{"name": "by", "value": "'xpath'"}, {"name": "value", "value": "'//div[text()='Sauce Labs Backpack']/ancestor::div[@class='inventory_item']//button'"}], "start": 1762253192067, "stop": 1762253192091}], "parameters": [{"name": "product_name", "value": "'Sauce Labs Backpack'"}], "start": 1762253192067, "stop": 1762253192127}, {"name": "Добавить товар ''Sauce Labs Bolt T-Shirt'' в корзину", "status": "passed", "steps": [{"name": "Найти кликабельный элемент с локатором 'xpath' = ''//div[text()='Sauce Labs Bolt T-Shirt']/ancestor::div[@class='inventory_item']//button''", "status": "passed", "parameters": [{"name": "by", "value": "'xpath'"}, {"name": "value", "value": "'//div[text()='Sauce Labs Bolt T-Shirt']/ancestor::div[@class='inventory_item']//button'"}], "start": 1762253192127, "stop": 1762253192145}], "parameters": [{"name": "product_name", "value": "'Sauce Labs Bolt T-Shirt'"}], "start": 1762253192127, "stop": 1762253192191}, {"name": "Добавить товар ''Sauce Labs Onesie'' в корзину", "status": "passed", "steps": [{"name": "Найти кликабельный элемент с локатором 'xpath' = ''//div[text()='Sauce Labs Onesie']/ancestor::div[@class='inventory_item']//button''", "status": "passed", "parameters": [{"name": "by", "value": "'xpath'"}, {"name": "value", "value": "'//div[text()='Sauce Labs Onesie']/ancestor::div[@class='inventory_item']//button'"}], "start": 1762253192191, "stop": 1762253192226}], "parameters": [{"name": "product_name", "value": "'Sauce Labs Onesie'"}], "start": 1762253192191, "stop": 1762253192275}, {"name": "Проверка количества товаров в корзине", "status": "failed", "statusDetails": {"message": "AssertionError: Ожидалось 3 товара, но получено 2\nassert 2 == 3\n", "trace": "  File \"C:\\Users\\Asus\\Desktop\\Projects\\drafts\\PYTHON\\10_lesson\\ShopPage\\test_03_shoppage_obj.py\", line 36, in test_complete_purchase_flow\n    assert cart_count == 3, f\"Ожидалось 3 товара, но получено {cart_count}\"\n"}, "steps": [{"name": "Получить количество товаров в корзине", "status": "passed", "steps": [{"name": "Найти элемент с локатором 'class name' = ''shopping_cart_badge''", "status": "passed", "parameters": [{"name": "by", "value": "'class name'"}, {"name": "value", "value": "'shopping_cart_badge'"}], "start": 1762253192275, "stop": 1762253192282}], "start": 1762253192275, "stop": 1762253192291}], "start": 1762253192275, "stop": 1762253192291}], "start": 1762253192067, "stop": 1762253192291}, {"name": "Сделать скриншот при ошибке", "status": "passed", "attachments": [{"name": "error_screenshot", "source": "da7a2fdd-a536-4886-accb-9e0362a6fe1f-attachment.png", "type": "image/png"}], "start": 1762253192292, "stop": 1762253192398}, {"name": "Закрытие браузера", "status": "passed", "start": 1762253192399, "stop": 1762253194570}], "start": 1762253187535, "stop": 1762253194570, "uuid": "6d7d79f8-1ecf-4532-abdf-5131d072d76c", "historyId": "bc381287b3e25a0b983b1f7111fea7f9", "testCaseId": "bc381287b3e25a0b983b1f7111fea7f9", "fullName": "test_03_shoppage_obj.TestSauceDemo#test_complete_purchase_flow", "labels": [{"name": "severity", "value": "critical"}, {"name": "feature", "value": "SauceDemo Магазин"}, {"name": "suite", "value": "test_03_shoppage_obj"}, {"name": "subSuite", "value": "TestSauceDemo"}, {"name": "host", "value": "DESKTOP-2NKQR8D"}, {"name": "thread", "value": "21200-MainThread"}, {"name": "framework", "value": "pytest"}, {"name": "language", "value": "cpython3"}, {"name": "package", "value": "test_03_shoppage_obj"}], "titlePath": ["test_03_shoppage_obj.py", "TestSauceDemo"]}